<?xml version="1.0" encoding="UTF-8"?>
<!-- Generated by org.testng.reporters.JUnitReportReporter -->
<testsuite hostname="ICPL11492" name="com.orbitz.testscripts.lib.TestCase_101" tests="2" failures="0" timestamp="5 Feb 2018 08:45:16 GMT" time="71.982" errors="0">
  <testcase name="flightBookingExecution" time="40.924" classname="com.orbitz.testscripts.lib.TestCase_101"/>
  <testcase name="flightBookingExecution" time="31.058" classname="com.orbitz.testscripts.lib.TestCase_101"/>
</testsuite> <!-- com.orbitz.testscripts.lib.TestCase_101 -->
