<?xml version="1.0" encoding="UTF-8"?>
<!-- Generated by org.testng.reporters.JUnitReportReporter -->
<testsuite hostname="ICPL11492" name="com.orbitz.testscripts.lib.TestCase_101" tests="1" failures="0" timestamp="5 Feb 2018 06:28:49 GMT" time="29.606" errors="0">
  <testcase name="flightBookingExecution" time="29.606" classname="com.orbitz.testscripts.lib.TestCase_101"/>
</testsuite> <!-- com.orbitz.testscripts.lib.TestCase_101 -->
